Building DAG of jobs...
Using shell: /usr/bin/bash
Provided cluster nodes: 100
Provided resources: nodes=100, mem_mb=1000000
Job stats:
job                      count    min threads    max threads
---------------------  -------  -------------  -------------
all                          1              1              1
copy_params                  1              1              1
graph_barcodes               1              1              1
map_haplotypes               1              1              1
modify_ozkan_settings        1              1              1
parse_info_file              1              1              1
total                        6              1              1

Select jobs to execute...

[Thu Jun 29 15:20:58 2023]
rule modify_ozkan_settings:
    output: /nfs/jbailey5/baileyweb/asimkin/miptools/miptools_tutorial/test-data/variant/settings.txt
    jobid: 4
    reason: Missing output files: /nfs/jbailey5/baileyweb/asimkin/miptools/miptools_tutorial/test-data/variant/settings.txt
    resources: mem_mb=4000, mem_mib=3815, disk_mb=1000, disk_mib=954, tmpdir=<TBD>, nodes=1, time_min=120, log_dir=/nfs/jbailey5/baileyweb/asimkin/miptools/miptools_tutorial/test-data/variant/run_settings/check_run_stats

Submitted job 4 with external jobid 'Submitted batch job 10317912'.

[Thu Jun 29 15:20:59 2023]
rule copy_params:
    input: check_run_stats.smk, check_run_stats.yaml, singularity_profile, scripts
    output: /nfs/jbailey5/baileyweb/asimkin/miptools/miptools_tutorial/test-data/variant/run_settings/check_run_stats/check_run_stats.smk, /nfs/jbailey5/baileyweb/asimkin/miptools/miptools_tutorial/test-data/variant/run_settings/check_run_stats/check_run_stats.yaml, /nfs/jbailey5/baileyweb/asimkin/miptools/miptools_tutorial/test-data/variant/run_settings/check_run_stats/singularity_profile, /nfs/jbailey5/baileyweb/asimkin/miptools/miptools_tutorial/test-data/variant/run_settings/check_run_stats/scripts
    jobid: 1
    reason: Missing output files: /nfs/jbailey5/baileyweb/asimkin/miptools/miptools_tutorial/test-data/variant/run_settings/check_run_stats/check_run_stats.smk
    resources: mem_mb=4000, mem_mib=3815, disk_mb=1000, disk_mib=954, tmpdir=<TBD>, nodes=1, time_min=120, log_dir=/nfs/jbailey5/baileyweb/asimkin/miptools/miptools_tutorial/test-data/variant/run_settings/check_run_stats


		cp check_run_stats.smk /nfs/jbailey5/baileyweb/asimkin/miptools/miptools_tutorial/test-data/variant/run_settings/check_run_stats/check_run_stats.smk
		cp check_run_stats.yaml /nfs/jbailey5/baileyweb/asimkin/miptools/miptools_tutorial/test-data/variant/run_settings/check_run_stats/check_run_stats.yaml
		cp -r singularity_profile /nfs/jbailey5/baileyweb/asimkin/miptools/miptools_tutorial/test-data/variant/run_settings/check_run_stats/singularity_profile
		cp -r scripts /nfs/jbailey5/baileyweb/asimkin/miptools/miptools_tutorial/test-data/variant/run_settings/check_run_stats/scripts
		
Submitted job 1 with external jobid 'Submitted batch job 10317913'.
Waiting at most 180 seconds for missing files.
[Thu Jun 29 15:21:28 2023]
Finished job 4.
1 of 6 steps (17%) done
Select jobs to execute...

[Thu Jun 29 15:21:28 2023]
rule parse_info_file:
    input: /nfs/jbailey5/baileyweb/asimkin/miptools/miptools_tutorial/test-data/variant/settings.txt
    output: /nfs/jbailey5/baileyweb/asimkin/miptools/miptools_tutorial/test-data/variant/data.tsv, /nfs/jbailey5/baileyweb/asimkin/miptools/miptools_tutorial/test-data/variant/samples.tsv, /nfs/jbailey5/baileyweb/asimkin/miptools/miptools_tutorial/test-data/variant/unique_haplotypes.csv
    jobid: 3
    reason: Missing output files: /nfs/jbailey5/baileyweb/asimkin/miptools/miptools_tutorial/test-data/variant/data.tsv, /nfs/jbailey5/baileyweb/asimkin/miptools/miptools_tutorial/test-data/variant/samples.tsv, /nfs/jbailey5/baileyweb/asimkin/miptools/miptools_tutorial/test-data/variant/unique_haplotypes.csv; Input files updated by another job: /nfs/jbailey5/baileyweb/asimkin/miptools/miptools_tutorial/test-data/variant/settings.txt; Params have changed since last execution
    resources: mem_mb=4000, mem_mib=3815, disk_mb=1000, disk_mib=954, tmpdir=<TBD>, nodes=1, time_min=120, log_dir=/nfs/jbailey5/baileyweb/asimkin/miptools/miptools_tutorial/test-data/variant/run_settings/check_run_stats

Submitted job 3 with external jobid 'Submitted batch job 10317914'.
[Thu Jun 29 15:21:28 2023]
Finished job 1.
2 of 6 steps (33%) done
Waiting at most 180 seconds for missing files.
[Thu Jun 29 15:21:58 2023]
Finished job 3.
3 of 6 steps (50%) done
Select jobs to execute...

[Thu Jun 29 15:21:58 2023]
rule map_haplotypes:
    input: /nfs/jbailey5/baileyweb/asimkin/miptools/miptools_tutorial/test-data/variant/data.tsv, /nfs/jbailey5/baileyweb/asimkin/miptools/miptools_tutorial/test-data/variant/samples.tsv, /nfs/jbailey5/baileyweb/asimkin/miptools/miptools_tutorial/test-data/variant/unique_haplotypes.csv
    output: /nfs/jbailey5/baileyweb/asimkin/miptools/miptools_tutorial/test-data/variant/haplotypes.fq, /nfs/jbailey5/baileyweb/asimkin/miptools/miptools_tutorial/test-data/variant/haplotypes_bwa.sam, /nfs/jbailey5/baileyweb/asimkin/miptools/miptools_tutorial/test-data/variant/aligned_haplotypes.csv, /nfs/jbailey5/baileyweb/asimkin/miptools/miptools_tutorial/test-data/variant/all_haplotypes.csv, /nfs/jbailey5/baileyweb/asimkin/miptools/miptools_tutorial/test-data/variant/mapped_haplotypes.csv, /nfs/jbailey5/baileyweb/asimkin/miptools/miptools_tutorial/test-data/variant/offtarget_haplotypes.csv, /nfs/jbailey5/baileyweb/asimkin/miptools/miptools_tutorial/test-data/variant/run_meta.csv, /nfs/jbailey5/baileyweb/asimkin/miptools/miptools_tutorial/test-data/variant/barcode_counts.csv, /nfs/jbailey5/baileyweb/asimkin/miptools/miptools_tutorial/test-data/variant/haplotype_counts.csv, /nfs/jbailey5/baileyweb/asimkin/miptools/miptools_tutorial/test-data/variant/sample_summary.csv
    jobid: 2
    reason: Missing output files: /nfs/jbailey5/baileyweb/asimkin/miptools/miptools_tutorial/test-data/variant/barcode_counts.csv; Input files updated by another job: /nfs/jbailey5/baileyweb/asimkin/miptools/miptools_tutorial/test-data/variant/data.tsv, /nfs/jbailey5/baileyweb/asimkin/miptools/miptools_tutorial/test-data/variant/samples.tsv, /nfs/jbailey5/baileyweb/asimkin/miptools/miptools_tutorial/test-data/variant/unique_haplotypes.csv
    resources: mem_mb=200000, mem_mib=190735, disk_mb=1000, disk_mib=954, tmpdir=<TBD>, nodes=20, time_min=4320, log_dir=/nfs/jbailey5/baileyweb/asimkin/miptools/miptools_tutorial/test-data/variant/run_settings/check_run_stats

Submitted job 2 with external jobid 'Submitted batch job 10317916'.
Waiting at most 180 seconds for missing files.
[Thu Jun 29 15:22:30 2023]
Finished job 2.
4 of 6 steps (67%) done
Select jobs to execute...

[Thu Jun 29 15:22:30 2023]
rule graph_barcodes:
    input: /nfs/jbailey5/baileyweb/asimkin/miptools/miptools_tutorial/test-data/variant/barcode_counts.csv
    output: /nfs/jbailey5/baileyweb/asimkin/miptools/miptools_tutorial/test-data/variant/umi_heatmap.html
    jobid: 5
    reason: Missing output files: /nfs/jbailey5/baileyweb/asimkin/miptools/miptools_tutorial/test-data/variant/umi_heatmap.html; Input files updated by another job: /nfs/jbailey5/baileyweb/asimkin/miptools/miptools_tutorial/test-data/variant/barcode_counts.csv
    resources: mem_mb=4000, mem_mib=3815, disk_mb=1000, disk_mib=954, tmpdir=<TBD>, nodes=1, time_min=120, log_dir=/nfs/jbailey5/baileyweb/asimkin/miptools/miptools_tutorial/test-data/variant/run_settings/check_run_stats

Submitted job 5 with external jobid 'Submitted batch job 10317917'.
Waiting at most 180 seconds for missing files.
[Thu Jun 29 15:22:59 2023]
Finished job 5.
5 of 6 steps (83%) done
Select jobs to execute...

[Thu Jun 29 15:22:59 2023]
localrule all:
    input: /nfs/jbailey5/baileyweb/asimkin/miptools/miptools_tutorial/test-data/variant/run_settings/check_run_stats/check_run_stats.smk, /nfs/jbailey5/baileyweb/asimkin/miptools/miptools_tutorial/test-data/variant/barcode_counts.csv, /nfs/jbailey5/baileyweb/asimkin/miptools/miptools_tutorial/test-data/variant/umi_heatmap.html
    jobid: 0
    reason: Input files updated by another job: /nfs/jbailey5/baileyweb/asimkin/miptools/miptools_tutorial/test-data/variant/barcode_counts.csv, /nfs/jbailey5/baileyweb/asimkin/miptools/miptools_tutorial/test-data/variant/umi_heatmap.html, /nfs/jbailey5/baileyweb/asimkin/miptools/miptools_tutorial/test-data/variant/run_settings/check_run_stats/check_run_stats.smk
    resources: mem_mb=4000, mem_mib=3815, disk_mb=1000, disk_mib=954, tmpdir=/tmp, nodes=1, time_min=120, log_dir=logs

[Thu Jun 29 15:22:59 2023]
Finished job 0.
6 of 6 steps (100%) done
Complete log: .snakemake/log/2023-06-29T152057.750701.snakemake.log
