Building DAG of jobs...
Using shell: /usr/bin/bash
Provided cores: 16
Rules claiming more threads will be scaled down.
Job stats:
job                      count    min threads    max threads
---------------------  -------  -------------  -------------
all                          1              1              1
copy_params                  1              1              1
graph_barcodes               1              1              1
map_haplotypes               1              1              1
modify_ozkan_settings        1              1              1
parse_info_file              1              1              1
total                        6              1              1

Select jobs to execute...

[Thu Jun 29 15:49:27 2023]
rule copy_params:
    input: check_run_stats.smk, check_run_stats.yaml, singularity_profile, scripts
    output: /nfs/jbailey5/baileyweb/asimkin/miptools/miptools_tutorial/test-data/variant/run_settings/check_run_stats/check_run_stats.smk, /nfs/jbailey5/baileyweb/asimkin/miptools/miptools_tutorial/test-data/variant/run_settings/check_run_stats/check_run_stats.yaml, /nfs/jbailey5/baileyweb/asimkin/miptools/miptools_tutorial/test-data/variant/run_settings/check_run_stats/singularity_profile, /nfs/jbailey5/baileyweb/asimkin/miptools/miptools_tutorial/test-data/variant/run_settings/check_run_stats/scripts
    jobid: 1
    reason: Missing output files: /nfs/jbailey5/baileyweb/asimkin/miptools/miptools_tutorial/test-data/variant/run_settings/check_run_stats/check_run_stats.smk
    resources: tmpdir=/tmp


		cp check_run_stats.smk /nfs/jbailey5/baileyweb/asimkin/miptools/miptools_tutorial/test-data/variant/run_settings/check_run_stats/check_run_stats.smk
		cp check_run_stats.yaml /nfs/jbailey5/baileyweb/asimkin/miptools/miptools_tutorial/test-data/variant/run_settings/check_run_stats/check_run_stats.yaml
		cp -r singularity_profile /nfs/jbailey5/baileyweb/asimkin/miptools/miptools_tutorial/test-data/variant/run_settings/check_run_stats/singularity_profile
		cp -r scripts /nfs/jbailey5/baileyweb/asimkin/miptools/miptools_tutorial/test-data/variant/run_settings/check_run_stats/scripts
		

[Thu Jun 29 15:49:28 2023]
rule modify_ozkan_settings:
    output: /nfs/jbailey5/baileyweb/asimkin/miptools/miptools_tutorial/test-data/variant/settings.txt
    jobid: 4
    reason: Missing output files: /nfs/jbailey5/baileyweb/asimkin/miptools/miptools_tutorial/test-data/variant/settings.txt
    resources: tmpdir=/tmp

python /work/asimkin/github_pipelines/miptools_analysis_no_jupyter/check_run_stats/.snakemake/scripts/tmpm3d3krse.modify_ozkan_settings.py
Activating singularity image /nfs/jbailey5/baileyweb/asimkin/miptools/miptools_tutorial/miptools_v0.4.0.sif
[Thu Jun 29 15:49:29 2023]
Finished job 1.
1 of 6 steps (17%) done
[Thu Jun 29 15:49:48 2023]
Finished job 4.
2 of 6 steps (33%) done
Select jobs to execute...

[Thu Jun 29 15:49:48 2023]
rule parse_info_file:
    input: /nfs/jbailey5/baileyweb/asimkin/miptools/miptools_tutorial/test-data/variant/settings.txt
    output: /nfs/jbailey5/baileyweb/asimkin/miptools/miptools_tutorial/test-data/variant/data.tsv, /nfs/jbailey5/baileyweb/asimkin/miptools/miptools_tutorial/test-data/variant/samples.tsv, /nfs/jbailey5/baileyweb/asimkin/miptools/miptools_tutorial/test-data/variant/unique_haplotypes.csv
    jobid: 3
    reason: Missing output files: /nfs/jbailey5/baileyweb/asimkin/miptools/miptools_tutorial/test-data/variant/samples.tsv, /nfs/jbailey5/baileyweb/asimkin/miptools/miptools_tutorial/test-data/variant/data.tsv, /nfs/jbailey5/baileyweb/asimkin/miptools/miptools_tutorial/test-data/variant/unique_haplotypes.csv; Input files updated by another job: /nfs/jbailey5/baileyweb/asimkin/miptools/miptools_tutorial/test-data/variant/settings.txt
    resources: tmpdir=/tmp

python /work/asimkin/github_pipelines/miptools_analysis_no_jupyter/check_run_stats/.snakemake/scripts/tmp20n62zlo.parse_info_file.py
Activating singularity image /nfs/jbailey5/baileyweb/asimkin/miptools/miptools_tutorial/miptools_v0.4.0.sif
[Thu Jun 29 15:49:54 2023]
Finished job 3.
3 of 6 steps (50%) done
Select jobs to execute...

[Thu Jun 29 15:49:54 2023]
rule map_haplotypes:
    input: /nfs/jbailey5/baileyweb/asimkin/miptools/miptools_tutorial/test-data/variant/data.tsv, /nfs/jbailey5/baileyweb/asimkin/miptools/miptools_tutorial/test-data/variant/samples.tsv, /nfs/jbailey5/baileyweb/asimkin/miptools/miptools_tutorial/test-data/variant/unique_haplotypes.csv
    output: /nfs/jbailey5/baileyweb/asimkin/miptools/miptools_tutorial/test-data/variant/haplotypes.fq, /nfs/jbailey5/baileyweb/asimkin/miptools/miptools_tutorial/test-data/variant/haplotypes_bwa.sam, /nfs/jbailey5/baileyweb/asimkin/miptools/miptools_tutorial/test-data/variant/aligned_haplotypes.csv, /nfs/jbailey5/baileyweb/asimkin/miptools/miptools_tutorial/test-data/variant/all_haplotypes.csv, /nfs/jbailey5/baileyweb/asimkin/miptools/miptools_tutorial/test-data/variant/mapped_haplotypes.csv, /nfs/jbailey5/baileyweb/asimkin/miptools/miptools_tutorial/test-data/variant/offtarget_haplotypes.csv, /nfs/jbailey5/baileyweb/asimkin/miptools/miptools_tutorial/test-data/variant/run_meta.csv, /nfs/jbailey5/baileyweb/asimkin/miptools/miptools_tutorial/test-data/variant/barcode_counts.csv, /nfs/jbailey5/baileyweb/asimkin/miptools/miptools_tutorial/test-data/variant/haplotype_counts.csv, /nfs/jbailey5/baileyweb/asimkin/miptools/miptools_tutorial/test-data/variant/sample_summary.csv
    jobid: 2
    reason: Missing output files: /nfs/jbailey5/baileyweb/asimkin/miptools/miptools_tutorial/test-data/variant/barcode_counts.csv; Input files updated by another job: /nfs/jbailey5/baileyweb/asimkin/miptools/miptools_tutorial/test-data/variant/samples.tsv, /nfs/jbailey5/baileyweb/asimkin/miptools/miptools_tutorial/test-data/variant/data.tsv, /nfs/jbailey5/baileyweb/asimkin/miptools/miptools_tutorial/test-data/variant/unique_haplotypes.csv
    resources: tmpdir=/tmp, mem_mb=200000, mem_mib=190735, time_min=4320, nodes=20

python /work/asimkin/github_pipelines/miptools_analysis_no_jupyter/check_run_stats/.snakemake/scripts/tmp48fk2tgj.map_haplotypes.py
Activating singularity image /nfs/jbailey5/baileyweb/asimkin/miptools/miptools_tutorial/miptools_v0.4.0.sif
[Thu Jun 29 15:50:04 2023]
Finished job 2.
4 of 6 steps (67%) done
Select jobs to execute...

[Thu Jun 29 15:50:04 2023]
rule graph_barcodes:
    input: /nfs/jbailey5/baileyweb/asimkin/miptools/miptools_tutorial/test-data/variant/barcode_counts.csv
    output: /nfs/jbailey5/baileyweb/asimkin/miptools/miptools_tutorial/test-data/variant/umi_heatmap.html
    jobid: 5
    reason: Missing output files: /nfs/jbailey5/baileyweb/asimkin/miptools/miptools_tutorial/test-data/variant/umi_heatmap.html; Input files updated by another job: /nfs/jbailey5/baileyweb/asimkin/miptools/miptools_tutorial/test-data/variant/barcode_counts.csv
    resources: tmpdir=/tmp

python /work/asimkin/github_pipelines/miptools_analysis_no_jupyter/check_run_stats/.snakemake/scripts/tmps6tp_7vn.graph_barcodes.py
Activating singularity image /nfs/jbailey5/baileyweb/asimkin/miptools/miptools_tutorial/miptools_v0.4.0.sif
[Thu Jun 29 15:50:11 2023]
Finished job 5.
5 of 6 steps (83%) done
Select jobs to execute...

[Thu Jun 29 15:50:11 2023]
localrule all:
    input: /nfs/jbailey5/baileyweb/asimkin/miptools/miptools_tutorial/test-data/variant/run_settings/check_run_stats/check_run_stats.smk, /nfs/jbailey5/baileyweb/asimkin/miptools/miptools_tutorial/test-data/variant/barcode_counts.csv, /nfs/jbailey5/baileyweb/asimkin/miptools/miptools_tutorial/test-data/variant/umi_heatmap.html
    jobid: 0
    reason: Input files updated by another job: /nfs/jbailey5/baileyweb/asimkin/miptools/miptools_tutorial/test-data/variant/barcode_counts.csv, /nfs/jbailey5/baileyweb/asimkin/miptools/miptools_tutorial/test-data/variant/run_settings/check_run_stats/check_run_stats.smk, /nfs/jbailey5/baileyweb/asimkin/miptools/miptools_tutorial/test-data/variant/umi_heatmap.html
    resources: tmpdir=/tmp

[Thu Jun 29 15:50:11 2023]
Finished job 0.
6 of 6 steps (100%) done
Complete log: .snakemake/log/2023-06-29T154926.491724.snakemake.log
