Building DAG of jobs...
Using shell: /usr/bin/bash
Provided cluster nodes: 100
Provided resources: nodes=100, mem_mb=1000000
Job stats:
job                      count    min threads    max threads
---------------------  -------  -------------  -------------
all                          1              1              1
copy_params                  1              1              1
graph_barcodes               1              1              1
map_haplotypes               1              1              1
modify_ozkan_settings        1              1              1
parse_info_file              1              1              1
total                        6              1              1

Select jobs to execute...

[Thu Jun 29 13:50:30 2023]
rule copy_params:
    input: check_run_stats.smk, check_run_stats.yaml, singularity_profile, scripts
    output: /nfs/jbailey5/baileyweb/asimkin/miptools/Mikalayi_TES/whole_dataset_wrangled/variant_calling/run_settings/check_run_stats/check_run_stats.smk, /nfs/jbailey5/baileyweb/asimkin/miptools/Mikalayi_TES/whole_dataset_wrangled/variant_calling/run_settings/check_run_stats/check_run_stats.yaml, /nfs/jbailey5/baileyweb/asimkin/miptools/Mikalayi_TES/whole_dataset_wrangled/variant_calling/run_settings/check_run_stats/singularity_profile, /nfs/jbailey5/baileyweb/asimkin/miptools/Mikalayi_TES/whole_dataset_wrangled/variant_calling/run_settings/check_run_stats/scripts
    jobid: 1
    reason: Updated input files: check_run_stats.smk, check_run_stats.yaml
    resources: mem_mb=4000, mem_mib=3815, disk_mb=1000, disk_mib=954, tmpdir=<TBD>, nodes=1, time_min=120, log_dir=logs


		cp check_run_stats.smk /nfs/jbailey5/baileyweb/asimkin/miptools/Mikalayi_TES/whole_dataset_wrangled/variant_calling/run_settings/check_run_stats/check_run_stats.smk
		cp check_run_stats.yaml /nfs/jbailey5/baileyweb/asimkin/miptools/Mikalayi_TES/whole_dataset_wrangled/variant_calling/run_settings/check_run_stats/check_run_stats.yaml
		cp -r singularity_profile /nfs/jbailey5/baileyweb/asimkin/miptools/Mikalayi_TES/whole_dataset_wrangled/variant_calling/run_settings/check_run_stats/singularity_profile
		cp -r scripts /nfs/jbailey5/baileyweb/asimkin/miptools/Mikalayi_TES/whole_dataset_wrangled/variant_calling/run_settings/check_run_stats/scripts
		
Submitted job 1 with external jobid 'Submitted batch job 10316685'.

[Thu Jun 29 13:50:31 2023]
rule modify_ozkan_settings:
    output: /nfs/jbailey5/baileyweb/asimkin/miptools/Mikalayi_TES/whole_dataset_wrangled/variant_calling/settings.txt
    jobid: 4
    reason: Missing output files: /nfs/jbailey5/baileyweb/asimkin/miptools/Mikalayi_TES/whole_dataset_wrangled/variant_calling/settings.txt
    resources: mem_mb=4000, mem_mib=3815, disk_mb=1000, disk_mib=954, tmpdir=<TBD>, nodes=1, time_min=120, log_dir=/nfs/jbailey5/baileyweb/asimkin/miptools/Mikalayi_TES/whole_dataset_wrangled/variant_calling/run_settings

Submitted job 4 with external jobid 'Submitted batch job 10316686'.
[Thu Jun 29 13:51:10 2023]
Finished job 4.
1 of 6 steps (17%) done
Select jobs to execute...

[Thu Jun 29 13:51:10 2023]
rule parse_info_file:
    input: /nfs/jbailey5/baileyweb/asimkin/miptools/Mikalayi_TES/whole_dataset_wrangled/variant_calling/settings.txt
    output: /nfs/jbailey5/baileyweb/asimkin/miptools/Mikalayi_TES/whole_dataset_wrangled/variant_calling/data.tsv, /nfs/jbailey5/baileyweb/asimkin/miptools/Mikalayi_TES/whole_dataset_wrangled/variant_calling/samples.tsv, /nfs/jbailey5/baileyweb/asimkin/miptools/Mikalayi_TES/whole_dataset_wrangled/variant_calling/unique_haplotypes.csv
    jobid: 3
    reason: Missing output files: /nfs/jbailey5/baileyweb/asimkin/miptools/Mikalayi_TES/whole_dataset_wrangled/variant_calling/samples.tsv, /nfs/jbailey5/baileyweb/asimkin/miptools/Mikalayi_TES/whole_dataset_wrangled/variant_calling/data.tsv, /nfs/jbailey5/baileyweb/asimkin/miptools/Mikalayi_TES/whole_dataset_wrangled/variant_calling/unique_haplotypes.csv; Input files updated by another job: /nfs/jbailey5/baileyweb/asimkin/miptools/Mikalayi_TES/whole_dataset_wrangled/variant_calling/settings.txt
    resources: mem_mb=4000, mem_mib=3815, disk_mb=1000, disk_mib=954, tmpdir=<TBD>, nodes=1, time_min=120, log_dir=/nfs/jbailey5/baileyweb/asimkin/miptools/Mikalayi_TES/whole_dataset_wrangled/variant_calling/run_settings

Submitted job 3 with external jobid 'Submitted batch job 10316702'.
[Thu Jun 29 13:51:40 2023]
Finished job 3.
2 of 6 steps (33%) done
Select jobs to execute...

[Thu Jun 29 13:51:40 2023]
rule map_haplotypes:
    input: /nfs/jbailey5/baileyweb/asimkin/miptools/Mikalayi_TES/whole_dataset_wrangled/variant_calling/data.tsv, /nfs/jbailey5/baileyweb/asimkin/miptools/Mikalayi_TES/whole_dataset_wrangled/variant_calling/samples.tsv, /nfs/jbailey5/baileyweb/asimkin/miptools/Mikalayi_TES/whole_dataset_wrangled/variant_calling/unique_haplotypes.csv
    output: /nfs/jbailey5/baileyweb/asimkin/miptools/Mikalayi_TES/whole_dataset_wrangled/variant_calling/haplotypes.fq, /nfs/jbailey5/baileyweb/asimkin/miptools/Mikalayi_TES/whole_dataset_wrangled/variant_calling/haplotypes_bwa.sam, /nfs/jbailey5/baileyweb/asimkin/miptools/Mikalayi_TES/whole_dataset_wrangled/variant_calling/aligned_haplotypes.csv, /nfs/jbailey5/baileyweb/asimkin/miptools/Mikalayi_TES/whole_dataset_wrangled/variant_calling/all_haplotypes.csv, /nfs/jbailey5/baileyweb/asimkin/miptools/Mikalayi_TES/whole_dataset_wrangled/variant_calling/mapped_haplotypes.csv, /nfs/jbailey5/baileyweb/asimkin/miptools/Mikalayi_TES/whole_dataset_wrangled/variant_calling/offtarget_haplotypes.csv, /nfs/jbailey5/baileyweb/asimkin/miptools/Mikalayi_TES/whole_dataset_wrangled/variant_calling/run_meta.csv, /nfs/jbailey5/baileyweb/asimkin/miptools/Mikalayi_TES/whole_dataset_wrangled/variant_calling/barcode_counts.csv, /nfs/jbailey5/baileyweb/asimkin/miptools/Mikalayi_TES/whole_dataset_wrangled/variant_calling/haplotype_counts.csv, /nfs/jbailey5/baileyweb/asimkin/miptools/Mikalayi_TES/whole_dataset_wrangled/variant_calling/sample_summary.csv
    jobid: 2
    reason: Missing output files: /nfs/jbailey5/baileyweb/asimkin/miptools/Mikalayi_TES/whole_dataset_wrangled/variant_calling/barcode_counts.csv; Input files updated by another job: /nfs/jbailey5/baileyweb/asimkin/miptools/Mikalayi_TES/whole_dataset_wrangled/variant_calling/samples.tsv, /nfs/jbailey5/baileyweb/asimkin/miptools/Mikalayi_TES/whole_dataset_wrangled/variant_calling/data.tsv, /nfs/jbailey5/baileyweb/asimkin/miptools/Mikalayi_TES/whole_dataset_wrangled/variant_calling/unique_haplotypes.csv
    resources: mem_mb=200000, mem_mib=190735, disk_mb=1084, disk_mib=1034, tmpdir=<TBD>, nodes=20, time_min=4320, log_dir=/nfs/jbailey5/baileyweb/asimkin/miptools/Mikalayi_TES/whole_dataset_wrangled/variant_calling/run_settings

Submitted job 2 with external jobid 'Submitted batch job 10316719'.
[Thu Jun 29 13:53:41 2023]
Finished job 2.
3 of 6 steps (50%) done
Select jobs to execute...

[Thu Jun 29 13:53:41 2023]
rule graph_barcodes:
    input: /nfs/jbailey5/baileyweb/asimkin/miptools/Mikalayi_TES/whole_dataset_wrangled/variant_calling/barcode_counts.csv
    output: /nfs/jbailey5/baileyweb/asimkin/miptools/Mikalayi_TES/whole_dataset_wrangled/variant_calling/umi_heatmap.html
    jobid: 5
    reason: Missing output files: /nfs/jbailey5/baileyweb/asimkin/miptools/Mikalayi_TES/whole_dataset_wrangled/variant_calling/umi_heatmap.html; Input files updated by another job: /nfs/jbailey5/baileyweb/asimkin/miptools/Mikalayi_TES/whole_dataset_wrangled/variant_calling/barcode_counts.csv
    resources: mem_mb=4000, mem_mib=3815, disk_mb=1000, disk_mib=954, tmpdir=<TBD>, nodes=1, time_min=120, log_dir=/nfs/jbailey5/baileyweb/asimkin/miptools/Mikalayi_TES/whole_dataset_wrangled/variant_calling/run_settings

Submitted job 5 with external jobid 'Submitted batch job 10316748'.
Waiting at most 180 seconds for missing files.
[Thu Jun 29 13:54:11 2023]
Finished job 5.
4 of 6 steps (67%) done
Terminating processes on user request, this might take some time.
No --cluster-cancel given. Will exit after finishing currently running jobs.
Cancelling snakemake on user request.
