Building DAG of jobs...
Using shell: /usr/bin/bash
Provided cluster nodes: 100
Provided resources: nodes=100, mem_mb=1000000
Job stats:
job            count    min threads    max threads
-----------  -------  -------------  -------------
all                1              1              1
copy_params        1              1              1
total              2              1              1

Select jobs to execute...

[Thu Jun 29 14:17:14 2023]
rule copy_params:
    input: check_run_stats.smk, check_run_stats.yaml, singularity_profile, scripts
    output: /nfs/jbailey5/baileyweb/asimkin/miptools/Mikalayi_TES/whole_dataset_wrangled/variant_calling/run_settings/check_run_stats/check_run_stats/check_run_stats.smk, /nfs/jbailey5/baileyweb/asimkin/miptools/Mikalayi_TES/whole_dataset_wrangled/variant_calling/run_settings/check_run_stats/check_run_stats/check_run_stats.yaml, /nfs/jbailey5/baileyweb/asimkin/miptools/Mikalayi_TES/whole_dataset_wrangled/variant_calling/run_settings/check_run_stats/check_run_stats/singularity_profile, /nfs/jbailey5/baileyweb/asimkin/miptools/Mikalayi_TES/whole_dataset_wrangled/variant_calling/run_settings/check_run_stats/check_run_stats/scripts
    jobid: 1
    reason: Missing output files: /nfs/jbailey5/baileyweb/asimkin/miptools/Mikalayi_TES/whole_dataset_wrangled/variant_calling/run_settings/check_run_stats/check_run_stats/check_run_stats.smk
    resources: mem_mb=4000, mem_mib=3815, disk_mb=1000, disk_mib=954, tmpdir=<TBD>, nodes=1, time_min=120, log_dir=/nfs/jbailey5/baileyweb/asimkin/miptools/Mikalayi_TES/whole_dataset_wrangled/variant_calling/run_settings/check_run_stats


		cp check_run_stats.smk /nfs/jbailey5/baileyweb/asimkin/miptools/Mikalayi_TES/whole_dataset_wrangled/variant_calling/run_settings/check_run_stats/check_run_stats/check_run_stats.smk
		cp check_run_stats.yaml /nfs/jbailey5/baileyweb/asimkin/miptools/Mikalayi_TES/whole_dataset_wrangled/variant_calling/run_settings/check_run_stats/check_run_stats/check_run_stats.yaml
		cp -r singularity_profile /nfs/jbailey5/baileyweb/asimkin/miptools/Mikalayi_TES/whole_dataset_wrangled/variant_calling/run_settings/check_run_stats/check_run_stats/singularity_profile
		cp -r scripts /nfs/jbailey5/baileyweb/asimkin/miptools/Mikalayi_TES/whole_dataset_wrangled/variant_calling/run_settings/check_run_stats/check_run_stats/scripts
		
Submitted job 1 with external jobid 'Submitted batch job 10317299'.
Waiting at most 180 seconds for missing files.
Terminating processes on user request, this might take some time.
No --cluster-cancel given. Will exit after finishing currently running jobs.
Cancelling snakemake on user request.
