Building DAG of jobs...
Using shell: /usr/bin/bash
Provided cores: 16
Rules claiming more threads will be scaled down.
Job stats:
job                        count    min threads    max threads
-----------------------  -------  -------------  -------------
all                            1              1              1
call_variants_freebayes        1              1              1
total                          2              1              1

Select jobs to execute...

[Tue Jun 27 19:51:39 2023]
rule call_variants_freebayes:
    input: /nfs/jbailey5/baileyweb/asimkin/miptools/miptools_tutorial/test-data/variant/aligned_haplotypes.csv
    output: /nfs/jbailey5/baileyweb/asimkin/miptools/miptools_tutorial/test-data/variant/contig_vcfs, /nfs/jbailey5/baileyweb/asimkin/miptools/miptools_tutorial/test-data/variant/padded_bams, /nfs/jbailey5/baileyweb/asimkin/miptools/miptools_tutorial/test-data/variant/padded_fastqs, /nfs/jbailey5/baileyweb/asimkin/miptools/miptools_tutorial/test-data/variant/variants.vcf.gz.csi, /nfs/jbailey5/baileyweb/asimkin/miptools/miptools_tutorial/test-data/variant/variants.vcf.gz, /nfs/jbailey5/baileyweb/asimkin/miptools/miptools_tutorial/test-data/variant/unfixed.vcf.gz, /nfs/jbailey5/baileyweb/asimkin/miptools/miptools_tutorial/test-data/variant/new_vcf_header.txt, /nfs/jbailey5/baileyweb/asimkin/miptools/miptools_tutorial/test-data/variant/freebayes_warnings.txt, /nfs/jbailey5/baileyweb/asimkin/miptools/miptools_tutorial/test-data/variant/freebayes_errors.txt, /nfs/jbailey5/baileyweb/asimkin/miptools/miptools_tutorial/test-data/variant/targets.vcf.gz.tbi, /nfs/jbailey5/baileyweb/asimkin/miptools/miptools_tutorial/test-data/variant/targets.vcf.gz
    jobid: 2
    reason: Missing output files: /nfs/jbailey5/baileyweb/asimkin/miptools/miptools_tutorial/test-data/variant/targets.vcf.gz
    resources: tmpdir=/tmp, mem_mb=200000, mem_mib=190735, nodes=16, time_min=5760

python /work/asimkin/github_pipelines/miptools_analysis_no_jupyter/variant_calling/.snakemake/scripts/tmpkuanmgim.call_variants_freebayes.py
Activating singularity image /nfs/jbailey5/baileyweb/asimkin/miptools/miptools_tutorial/miptools_v0.4.0.sif
[Tue Jun 27 19:52:11 2023]
Finished job 2.
1 of 2 steps (50%) done
Select jobs to execute...

[Tue Jun 27 19:52:11 2023]
localrule all:
    input: /nfs/jbailey5/baileyweb/asimkin/miptools/miptools_tutorial/test-data/variant/run_settings/variant_calling/variant_calling.smk, /nfs/jbailey5/baileyweb/asimkin/miptools/miptools_tutorial/test-data/variant/targets.vcf.gz
    jobid: 0
    reason: Input files updated by another job: /nfs/jbailey5/baileyweb/asimkin/miptools/miptools_tutorial/test-data/variant/targets.vcf.gz
    resources: tmpdir=/tmp

[Tue Jun 27 19:52:11 2023]
Finished job 0.
2 of 2 steps (100%) done
Complete log: .snakemake/log/2023-06-27T195138.374148.snakemake.log
