Building DAG of jobs...
Using shell: /usr/bin/bash
Provided cores: 16
Rules claiming more threads will be scaled down.
Job stats:
job                        count    min threads    max threads
-----------------------  -------  -------------  -------------
all                            1              1              1
call_variants_freebayes        1              1              1
generate_tables                1              1              1
total                          3              1              1

Select jobs to execute...

[Wed Jul  5 15:30:01 2023]
rule call_variants_freebayes:
    input: /nfs/jbailey5/baileyweb/asimkin/miptools/miptools_tutorial/test-data/variant/aligned_haplotypes.csv
    output: /nfs/jbailey5/baileyweb/asimkin/miptools/miptools_tutorial/test-data/variant/contig_vcfs, /nfs/jbailey5/baileyweb/asimkin/miptools/miptools_tutorial/test-data/variant/padded_bams, /nfs/jbailey5/baileyweb/asimkin/miptools/miptools_tutorial/test-data/variant/padded_fastqs, /nfs/jbailey5/baileyweb/asimkin/miptools/miptools_tutorial/test-data/variant/variants.vcf.gz.csi, /nfs/jbailey5/baileyweb/asimkin/miptools/miptools_tutorial/test-data/variant/variants.vcf.gz, /nfs/jbailey5/baileyweb/asimkin/miptools/miptools_tutorial/test-data/variant/unfixed.vcf.gz, /nfs/jbailey5/baileyweb/asimkin/miptools/miptools_tutorial/test-data/variant/new_vcf_header.txt, /nfs/jbailey5/baileyweb/asimkin/miptools/miptools_tutorial/test-data/variant/freebayes_warnings.txt, /nfs/jbailey5/baileyweb/asimkin/miptools/miptools_tutorial/test-data/variant/freebayes_errors.txt, /nfs/jbailey5/baileyweb/asimkin/miptools/miptools_tutorial/test-data/variant/targets.vcf.gz.tbi, /nfs/jbailey5/baileyweb/asimkin/miptools/miptools_tutorial/test-data/variant/targets.vcf.gz
    jobid: 3
    reason: Missing output files: /nfs/jbailey5/baileyweb/asimkin/miptools/miptools_tutorial/test-data/variant/variants.vcf.gz
    resources: tmpdir=/tmp, mem_mb=200000, mem_mib=190735, nodes=16, time_min=5760, log_dir=/nfs/jbailey5/baileyweb/asimkin/miptools/miptools_tutorial/test-data/variant/run_settings/variant_calling

python /work/asimkin/github_pipelines/miptools_analysis_no_jupyter/variant_calling/.snakemake/scripts/tmpkbxz61tb.call_variants_freebayes.py
Activating singularity image /home/alfred/simkin_bioinformatics/miptools_analysis_variant_calling_troubleshooting/miptools_v0.4.0.sif
[Wed Jul  5 15:30:03 2023]
Error in rule call_variants_freebayes:
    jobid: 3
    input: /nfs/jbailey5/baileyweb/asimkin/miptools/miptools_tutorial/test-data/variant/aligned_haplotypes.csv
    output: /nfs/jbailey5/baileyweb/asimkin/miptools/miptools_tutorial/test-data/variant/contig_vcfs, /nfs/jbailey5/baileyweb/asimkin/miptools/miptools_tutorial/test-data/variant/padded_bams, /nfs/jbailey5/baileyweb/asimkin/miptools/miptools_tutorial/test-data/variant/padded_fastqs, /nfs/jbailey5/baileyweb/asimkin/miptools/miptools_tutorial/test-data/variant/variants.vcf.gz.csi, /nfs/jbailey5/baileyweb/asimkin/miptools/miptools_tutorial/test-data/variant/variants.vcf.gz, /nfs/jbailey5/baileyweb/asimkin/miptools/miptools_tutorial/test-data/variant/unfixed.vcf.gz, /nfs/jbailey5/baileyweb/asimkin/miptools/miptools_tutorial/test-data/variant/new_vcf_header.txt, /nfs/jbailey5/baileyweb/asimkin/miptools/miptools_tutorial/test-data/variant/freebayes_warnings.txt, /nfs/jbailey5/baileyweb/asimkin/miptools/miptools_tutorial/test-data/variant/freebayes_errors.txt, /nfs/jbailey5/baileyweb/asimkin/miptools/miptools_tutorial/test-data/variant/targets.vcf.gz.tbi, /nfs/jbailey5/baileyweb/asimkin/miptools/miptools_tutorial/test-data/variant/targets.vcf.gz

Exiting because a job execution failed. Look above for error message
Complete log: .snakemake/log/2023-07-05T153000.701137.snakemake.log
