Building DAG of jobs...
Using shell: /usr/bin/bash
Provided cluster nodes: 100
Provided resources: nodes=100, mem_mb=1000000
Job stats:
job                        count    min threads    max threads
-----------------------  -------  -------------  -------------
all                            1              1              1
call_variants_freebayes        1              1              1
copy_params                    1              1              1
total                          3              1              1

Select jobs to execute...

[Tue Jun 27 15:40:05 2023]
rule copy_params:
    input: variant_calling.smk, variant_calling.yaml, singularity_profile, scripts
    output: /nfs/jbailey5/baileyweb/asimkin/miptools/miptools_tutorial/test-data/variant/run_settings/variant_calling/variant_calling.smk, /nfs/jbailey5/baileyweb/asimkin/miptools/miptools_tutorial/test-data/variant/run_settings/variant_calling/variant_calling.yaml, /nfs/jbailey5/baileyweb/asimkin/miptools/miptools_tutorial/test-data/variant/run_settings/variant_calling/singularity_profile, /nfs/jbailey5/baileyweb/asimkin/miptools/miptools_tutorial/test-data/variant/run_settings/variant_calling/scripts
    jobid: 1
    reason: Missing output files: /nfs/jbailey5/baileyweb/asimkin/miptools/miptools_tutorial/test-data/variant/run_settings/variant_calling/variant_calling.smk
    resources: mem_mb=4000, mem_mib=3815, disk_mb=1000, disk_mib=954, tmpdir=<TBD>, nodes=1, time_min=120


		cp variant_calling.smk /nfs/jbailey5/baileyweb/asimkin/miptools/miptools_tutorial/test-data/variant/run_settings/variant_calling/variant_calling.smk
		cp variant_calling.yaml /nfs/jbailey5/baileyweb/asimkin/miptools/miptools_tutorial/test-data/variant/run_settings/variant_calling/variant_calling.yaml
		cp -r singularity_profile /nfs/jbailey5/baileyweb/asimkin/miptools/miptools_tutorial/test-data/variant/run_settings/variant_calling/singularity_profile
		cp -r scripts /nfs/jbailey5/baileyweb/asimkin/miptools/miptools_tutorial/test-data/variant/run_settings/variant_calling/scripts
		
Error submitting jobscript (exit code 127):


[Tue Jun 27 15:40:09 2023]
rule call_variants_freebayes:
    input: /nfs/jbailey5/baileyweb/asimkin/miptools/miptools_tutorial/test-data/variant/aligned_haplotypes.csv
    output: /nfs/jbailey5/baileyweb/asimkin/miptools/miptools_tutorial/test-data/variant/contig_vcfs, /nfs/jbailey5/baileyweb/asimkin/miptools/miptools_tutorial/test-data/variant/padded_bams, /nfs/jbailey5/baileyweb/asimkin/miptools/miptools_tutorial/test-data/variant/padded_fastqs, /nfs/jbailey5/baileyweb/asimkin/miptools/miptools_tutorial/test-data/variant/variants.vcf.gz.csi, /nfs/jbailey5/baileyweb/asimkin/miptools/miptools_tutorial/test-data/variant/variants.vcf.gz, /nfs/jbailey5/baileyweb/asimkin/miptools/miptools_tutorial/test-data/variant/unfixed.vcf.gz, /nfs/jbailey5/baileyweb/asimkin/miptools/miptools_tutorial/test-data/variant/new_vcf_header.txt, /nfs/jbailey5/baileyweb/asimkin/miptools/miptools_tutorial/test-data/variant/freebayes_warnings.txt, /nfs/jbailey5/baileyweb/asimkin/miptools/miptools_tutorial/test-data/variant/freebayes_errors.txt, /nfs/jbailey5/baileyweb/asimkin/miptools/miptools_tutorial/test-data/variant/targets.vcf.gz.tbi, /nfs/jbailey5/baileyweb/asimkin/miptools/miptools_tutorial/test-data/variant/targets.vcf.gz
    jobid: 2
    reason: Code has changed since last execution
    resources: mem_mb=200000, mem_mib=190735, disk_mb=1000, disk_mib=954, tmpdir=<TBD>, nodes=16, time_min=5760

Error submitting jobscript (exit code 127):

Exiting because a job execution failed. Look above for error message
Complete log: .snakemake/log/2023-06-27T154004.233941.snakemake.log
