Building DAG of jobs...
Using shell: /usr/bin/bash
Provided cluster nodes: 100
Provided resources: nodes=100, mem_mb=1000000
Job stats:
job                        count    min threads    max threads
-----------------------  -------  -------------  -------------
all                            1              1              1
call_variants_freebayes        1              1              1
copy_params                    1              1              1
total                          3              1              1

Select jobs to execute...

[Sun Jun 25 11:41:35 2023]
rule call_variants_freebayes:
    input: /users/asimkin/scratch/mikalayi_whole_dataset/variant_calling/aligned_haplotypes.csv
    output: /users/asimkin/scratch/mikalayi_whole_dataset/variant_calling/contig_vcfs, /users/asimkin/scratch/mikalayi_whole_dataset/variant_calling/padded_bams, /users/asimkin/scratch/mikalayi_whole_dataset/variant_calling/padded_fastqs, /users/asimkin/scratch/mikalayi_whole_dataset/variant_calling/variants.vcf.gz.csi, /users/asimkin/scratch/mikalayi_whole_dataset/variant_calling/variants.vcf.gz, /users/asimkin/scratch/mikalayi_whole_dataset/variant_calling/unfixed.vcf.gz, /users/asimkin/scratch/mikalayi_whole_dataset/variant_calling/new_vcf_header.txt, /users/asimkin/scratch/mikalayi_whole_dataset/variant_calling/freebayes_warnings.txt, /users/asimkin/scratch/mikalayi_whole_dataset/variant_calling/freebayes_errors.txt, /users/asimkin/scratch/mikalayi_whole_dataset/variant_calling/targets.vcf.gz.tbi, /users/asimkin/scratch/mikalayi_whole_dataset/variant_calling/targets.vcf.gz
    jobid: 2
    reason: Missing output files: /users/asimkin/scratch/mikalayi_whole_dataset/variant_calling/targets.vcf.gz
    resources: mem_mb=200000, mem_mib=190735, disk_mb=1000, disk_mib=954, tmpdir=<TBD>, nodes=16, time_min=5760

Submitted job 2 with external jobid 'Submitted batch job 10275992'.

[Sun Jun 25 11:41:36 2023]
rule copy_params:
    input: variant_calling.smk, variant_calling.yaml, singularity_profile, scripts
    output: /users/asimkin/scratch/mikalayi_whole_dataset/variant_calling/run_settings/variant_calling/variant_calling.smk, /users/asimkin/scratch/mikalayi_whole_dataset/variant_calling/run_settings/variant_calling/variant_calling.yaml, /users/asimkin/scratch/mikalayi_whole_dataset/variant_calling/run_settings/variant_calling/singularity_profile, /users/asimkin/scratch/mikalayi_whole_dataset/variant_calling/run_settings/variant_calling/scripts
    jobid: 1
    reason: Updated input files: variant_calling.yaml
    resources: mem_mb=4000, mem_mib=3815, disk_mb=1000, disk_mib=954, tmpdir=<TBD>, nodes=1, time_min=120


		cp variant_calling.smk /users/asimkin/scratch/mikalayi_whole_dataset/variant_calling/run_settings/variant_calling/variant_calling.smk
		cp variant_calling.yaml /users/asimkin/scratch/mikalayi_whole_dataset/variant_calling/run_settings/variant_calling/variant_calling.yaml
		cp -r singularity_profile /users/asimkin/scratch/mikalayi_whole_dataset/variant_calling/run_settings/variant_calling/singularity_profile
		cp -r scripts /users/asimkin/scratch/mikalayi_whole_dataset/variant_calling/run_settings/variant_calling/scripts
		
Submitted job 1 with external jobid 'Submitted batch job 10275993'.
Waiting at most 180 seconds for missing files.
[Sun Jun 25 11:42:06 2023]
Finished job 1.
1 of 3 steps (33%) done
Terminating processes on user request, this might take some time.
No --cluster-cancel given. Will exit after finishing currently running jobs.
Cancelling snakemake on user request.
