Building DAG of jobs...
Using shell: /usr/bin/bash
Provided cluster nodes: 100
Provided resources: nodes=100, mem_mb=1000000
Job stats:
job                        count    min threads    max threads
-----------------------  -------  -------------  -------------
all                            1              1              1
call_variants_freebayes        1              1              1
copy_params                    1              1              1
generate_tables                1              1              1
total                          4              1              1

Select jobs to execute...

[Thu Jul  6 23:20:41 2023]
rule call_variants_freebayes:
    input: /nfs/jbailey5/baileyweb/asimkin/miptools/Mikalayi_TES/whole_dataset_wrangled/variant_calling/aligned_haplotypes.csv
    output: /nfs/jbailey5/baileyweb/asimkin/miptools/Mikalayi_TES/whole_dataset_wrangled/variant_calling/contig_vcfs, /nfs/jbailey5/baileyweb/asimkin/miptools/Mikalayi_TES/whole_dataset_wrangled/variant_calling/padded_bams, /nfs/jbailey5/baileyweb/asimkin/miptools/Mikalayi_TES/whole_dataset_wrangled/variant_calling/padded_fastqs, /nfs/jbailey5/baileyweb/asimkin/miptools/Mikalayi_TES/whole_dataset_wrangled/variant_calling/variants.vcf.gz.csi, /nfs/jbailey5/baileyweb/asimkin/miptools/Mikalayi_TES/whole_dataset_wrangled/variant_calling/variants.vcf.gz, /nfs/jbailey5/baileyweb/asimkin/miptools/Mikalayi_TES/whole_dataset_wrangled/variant_calling/unfixed.vcf.gz, /nfs/jbailey5/baileyweb/asimkin/miptools/Mikalayi_TES/whole_dataset_wrangled/variant_calling/new_vcf_header.txt, /nfs/jbailey5/baileyweb/asimkin/miptools/Mikalayi_TES/whole_dataset_wrangled/variant_calling/freebayes_warnings.txt, /nfs/jbailey5/baileyweb/asimkin/miptools/Mikalayi_TES/whole_dataset_wrangled/variant_calling/freebayes_errors.txt, /nfs/jbailey5/baileyweb/asimkin/miptools/Mikalayi_TES/whole_dataset_wrangled/variant_calling/targets.vcf.gz.tbi, /nfs/jbailey5/baileyweb/asimkin/miptools/Mikalayi_TES/whole_dataset_wrangled/variant_calling/targets.vcf.gz
    jobid: 3
    reason: Forced execution
    resources: mem_mb=300000, mem_mib=286103, disk_mb=1000, disk_mib=954, tmpdir=<TBD>, nodes=16, time_min=5760, log_dir=/nfs/jbailey5/baileyweb/asimkin/miptools/Mikalayi_TES/whole_dataset_wrangled/variant_calling/run_settings/variant_calling

Submitted job 3 with external jobid 'Submitted batch job 10366304'.

[Thu Jul  6 23:20:46 2023]
rule copy_params:
    input: variant_calling.smk, variant_calling.yaml, singularity_profile, scripts
    output: /nfs/jbailey5/baileyweb/asimkin/miptools/Mikalayi_TES/whole_dataset_wrangled/variant_calling/run_settings/variant_calling/variant_calling.smk, /nfs/jbailey5/baileyweb/asimkin/miptools/Mikalayi_TES/whole_dataset_wrangled/variant_calling/run_settings/variant_calling/variant_calling.yaml, /nfs/jbailey5/baileyweb/asimkin/miptools/Mikalayi_TES/whole_dataset_wrangled/variant_calling/run_settings/variant_calling/singularity_profile, /nfs/jbailey5/baileyweb/asimkin/miptools/Mikalayi_TES/whole_dataset_wrangled/variant_calling/run_settings/variant_calling/scripts
    jobid: 1
    reason: Missing output files: /nfs/jbailey5/baileyweb/asimkin/miptools/Mikalayi_TES/whole_dataset_wrangled/variant_calling/run_settings/variant_calling/variant_calling.smk
    resources: mem_mb=4000, mem_mib=3815, disk_mb=1000, disk_mib=954, tmpdir=<TBD>, nodes=1, time_min=120, log_dir=/nfs/jbailey5/baileyweb/asimkin/miptools/Mikalayi_TES/whole_dataset_wrangled/variant_calling/run_settings/variant_calling


		cp variant_calling.smk /nfs/jbailey5/baileyweb/asimkin/miptools/Mikalayi_TES/whole_dataset_wrangled/variant_calling/run_settings/variant_calling/variant_calling.smk
		cp variant_calling.yaml /nfs/jbailey5/baileyweb/asimkin/miptools/Mikalayi_TES/whole_dataset_wrangled/variant_calling/run_settings/variant_calling/variant_calling.yaml
		cp -r singularity_profile /nfs/jbailey5/baileyweb/asimkin/miptools/Mikalayi_TES/whole_dataset_wrangled/variant_calling/run_settings/variant_calling/singularity_profile
		cp -r scripts /nfs/jbailey5/baileyweb/asimkin/miptools/Mikalayi_TES/whole_dataset_wrangled/variant_calling/run_settings/variant_calling/scripts
		
Submitted job 1 with external jobid 'Submitted batch job 10366305'.
[Thu Jul  6 23:21:22 2023]
Finished job 1.
1 of 4 steps (25%) done
[Thu Jul  6 23:42:53 2023]
Error in rule call_variants_freebayes:
    jobid: 3
    input: /nfs/jbailey5/baileyweb/asimkin/miptools/Mikalayi_TES/whole_dataset_wrangled/variant_calling/aligned_haplotypes.csv
    output: /nfs/jbailey5/baileyweb/asimkin/miptools/Mikalayi_TES/whole_dataset_wrangled/variant_calling/contig_vcfs, /nfs/jbailey5/baileyweb/asimkin/miptools/Mikalayi_TES/whole_dataset_wrangled/variant_calling/padded_bams, /nfs/jbailey5/baileyweb/asimkin/miptools/Mikalayi_TES/whole_dataset_wrangled/variant_calling/padded_fastqs, /nfs/jbailey5/baileyweb/asimkin/miptools/Mikalayi_TES/whole_dataset_wrangled/variant_calling/variants.vcf.gz.csi, /nfs/jbailey5/baileyweb/asimkin/miptools/Mikalayi_TES/whole_dataset_wrangled/variant_calling/variants.vcf.gz, /nfs/jbailey5/baileyweb/asimkin/miptools/Mikalayi_TES/whole_dataset_wrangled/variant_calling/unfixed.vcf.gz, /nfs/jbailey5/baileyweb/asimkin/miptools/Mikalayi_TES/whole_dataset_wrangled/variant_calling/new_vcf_header.txt, /nfs/jbailey5/baileyweb/asimkin/miptools/Mikalayi_TES/whole_dataset_wrangled/variant_calling/freebayes_warnings.txt, /nfs/jbailey5/baileyweb/asimkin/miptools/Mikalayi_TES/whole_dataset_wrangled/variant_calling/freebayes_errors.txt, /nfs/jbailey5/baileyweb/asimkin/miptools/Mikalayi_TES/whole_dataset_wrangled/variant_calling/targets.vcf.gz.tbi, /nfs/jbailey5/baileyweb/asimkin/miptools/Mikalayi_TES/whole_dataset_wrangled/variant_calling/targets.vcf.gz
    cluster_jobid: Submitted batch job 10366304

Error executing rule call_variants_freebayes on cluster (jobid: 3, external: Submitted batch job 10366304, jobscript: /nfs/jbailey5/baileyweb/asimkin/github_pipelines/miptools_analysis_no_jupyter/variant_calling/.snakemake/tmp.atgy6bga/snakejob.call_variants_freebayes.3.sh). For error details see the cluster log and the log files of the involved rule(s).
Exiting because a job execution failed. Look above for error message
Complete log: .snakemake/log/2023-07-06T232038.106538.snakemake.log
