Building DAG of jobs...
Using shell: /usr/bin/bash
Provided cluster nodes: 100
Provided resources: nodes=100, mem_mb=1000000
Job stats:
job                        count    min threads    max threads
-----------------------  -------  -------------  -------------
all                            1              1              1
call_variants_freebayes        1              1              1
total                          2              1              1

Select jobs to execute...

[Sun Jun 25 12:30:11 2023]
rule call_variants_freebayes:
    input: /users/asimkin/scratch/mikalayi_whole_dataset/variant_calling/aligned_haplotypes.csv
    output: /users/asimkin/scratch/mikalayi_whole_dataset/variant_calling/contig_vcfs, /users/asimkin/scratch/mikalayi_whole_dataset/variant_calling/padded_bams, /users/asimkin/scratch/mikalayi_whole_dataset/variant_calling/padded_fastqs, /users/asimkin/scratch/mikalayi_whole_dataset/variant_calling/variants.vcf.gz.csi, /users/asimkin/scratch/mikalayi_whole_dataset/variant_calling/variants.vcf.gz, /users/asimkin/scratch/mikalayi_whole_dataset/variant_calling/unfixed.vcf.gz, /users/asimkin/scratch/mikalayi_whole_dataset/variant_calling/new_vcf_header.txt, /users/asimkin/scratch/mikalayi_whole_dataset/variant_calling/freebayes_warnings.txt, /users/asimkin/scratch/mikalayi_whole_dataset/variant_calling/freebayes_errors.txt, /users/asimkin/scratch/mikalayi_whole_dataset/variant_calling/targets.vcf.gz.tbi, /users/asimkin/scratch/mikalayi_whole_dataset/variant_calling/targets.vcf.gz
    jobid: 2
    reason: Missing output files: /users/asimkin/scratch/mikalayi_whole_dataset/variant_calling/targets.vcf.gz
    resources: mem_mb=200000, mem_mib=190735, disk_mb=1000, disk_mib=954, tmpdir=<TBD>, nodes=16, time_min=5760

Submitted job 2 with external jobid 'Submitted batch job 10276065'.
[Sun Jun 25 13:01:53 2023]
Error in rule call_variants_freebayes:
    jobid: 2
    input: /users/asimkin/scratch/mikalayi_whole_dataset/variant_calling/aligned_haplotypes.csv
    output: /users/asimkin/scratch/mikalayi_whole_dataset/variant_calling/contig_vcfs, /users/asimkin/scratch/mikalayi_whole_dataset/variant_calling/padded_bams, /users/asimkin/scratch/mikalayi_whole_dataset/variant_calling/padded_fastqs, /users/asimkin/scratch/mikalayi_whole_dataset/variant_calling/variants.vcf.gz.csi, /users/asimkin/scratch/mikalayi_whole_dataset/variant_calling/variants.vcf.gz, /users/asimkin/scratch/mikalayi_whole_dataset/variant_calling/unfixed.vcf.gz, /users/asimkin/scratch/mikalayi_whole_dataset/variant_calling/new_vcf_header.txt, /users/asimkin/scratch/mikalayi_whole_dataset/variant_calling/freebayes_warnings.txt, /users/asimkin/scratch/mikalayi_whole_dataset/variant_calling/freebayes_errors.txt, /users/asimkin/scratch/mikalayi_whole_dataset/variant_calling/targets.vcf.gz.tbi, /users/asimkin/scratch/mikalayi_whole_dataset/variant_calling/targets.vcf.gz
    cluster_jobid: Submitted batch job 10276065

Error executing rule call_variants_freebayes on cluster (jobid: 2, external: Submitted batch job 10276065, jobscript: /nfs/jbailey5/baileyweb/asimkin/github_pipelines/miptools_analysis_no_jupyter/variant_calling/.snakemake/tmp.98k9wl_1/snakejob.call_variants_freebayes.2.sh). For error details see the cluster log and the log files of the involved rule(s).
Exiting because a job execution failed. Look above for error message
Complete log: .snakemake/log/2023-06-25T123010.977893.snakemake.log
