Building DAG of jobs...
Using shell: /usr/bin/bash
Provided cores: 16
Rules claiming more threads will be scaled down.
Job stats:
job                        count    min threads    max threads
-----------------------  -------  -------------  -------------
all                            1              1              1
call_variants_freebayes        1              1              1
generate_tables                1              1              1
total                          3              1              1

Select jobs to execute...

[Wed Jul  5 15:32:44 2023]
rule call_variants_freebayes:
    input: /nfs/jbailey5/baileyweb/asimkin/miptools/miptools_tutorial/test-data/variant/aligned_haplotypes.csv
    output: /nfs/jbailey5/baileyweb/asimkin/miptools/miptools_tutorial/test-data/variant/contig_vcfs, /nfs/jbailey5/baileyweb/asimkin/miptools/miptools_tutorial/test-data/variant/padded_bams, /nfs/jbailey5/baileyweb/asimkin/miptools/miptools_tutorial/test-data/variant/padded_fastqs, /nfs/jbailey5/baileyweb/asimkin/miptools/miptools_tutorial/test-data/variant/variants.vcf.gz.csi, /nfs/jbailey5/baileyweb/asimkin/miptools/miptools_tutorial/test-data/variant/variants.vcf.gz, /nfs/jbailey5/baileyweb/asimkin/miptools/miptools_tutorial/test-data/variant/unfixed.vcf.gz, /nfs/jbailey5/baileyweb/asimkin/miptools/miptools_tutorial/test-data/variant/new_vcf_header.txt, /nfs/jbailey5/baileyweb/asimkin/miptools/miptools_tutorial/test-data/variant/freebayes_warnings.txt, /nfs/jbailey5/baileyweb/asimkin/miptools/miptools_tutorial/test-data/variant/freebayes_errors.txt, /nfs/jbailey5/baileyweb/asimkin/miptools/miptools_tutorial/test-data/variant/targets.vcf.gz.tbi, /nfs/jbailey5/baileyweb/asimkin/miptools/miptools_tutorial/test-data/variant/targets.vcf.gz
    jobid: 3
    reason: Missing output files: /nfs/jbailey5/baileyweb/asimkin/miptools/miptools_tutorial/test-data/variant/variants.vcf.gz
    resources: tmpdir=/tmp, mem_mb=200000, mem_mib=190735, nodes=16, time_min=5760, log_dir=/nfs/jbailey5/baileyweb/asimkin/miptools/miptools_tutorial/test-data/variant/run_settings/variant_calling

python /work/asimkin/github_pipelines/miptools_analysis_no_jupyter/variant_calling/.snakemake/scripts/tmpd5i_ri0j.call_variants_freebayes.py
Activating singularity image /nfs/jbailey5/baileyweb/asimkin/miptools/miptools_tutorial/miptools_v0.4.0.sif
[Wed Jul  5 15:33:17 2023]
Finished job 3.
1 of 3 steps (33%) done
Select jobs to execute...

[Wed Jul  5 15:33:17 2023]
rule generate_tables:
    input: /nfs/jbailey5/baileyweb/asimkin/miptools/miptools_tutorial/test-data/variant/variants.vcf.gz
    output: /nfs/jbailey5/baileyweb/asimkin/miptools/miptools_tutorial/test-data/variant/reference_table.csv, /nfs/jbailey5/baileyweb/asimkin/miptools/miptools_tutorial/test-data/variant/coverage_table.csv, /nfs/jbailey5/baileyweb/asimkin/miptools/miptools_tutorial/test-data/variant/alternate_table.csv
    jobid: 2
    reason: Input files updated by another job: /nfs/jbailey5/baileyweb/asimkin/miptools/miptools_tutorial/test-data/variant/variants.vcf.gz; Code has changed since last execution
    resources: tmpdir=/tmp

/home/asimkin/mambaforge/envs/snakemake/bin/python3.11 /work/asimkin/github_pipelines/miptools_analysis_no_jupyter/variant_calling/.snakemake/scripts/tmpjtl81qk1.generate_tables.py
[Wed Jul  5 15:33:17 2023]
Error in rule generate_tables:
    jobid: 2
    input: /nfs/jbailey5/baileyweb/asimkin/miptools/miptools_tutorial/test-data/variant/variants.vcf.gz
    output: /nfs/jbailey5/baileyweb/asimkin/miptools/miptools_tutorial/test-data/variant/reference_table.csv, /nfs/jbailey5/baileyweb/asimkin/miptools/miptools_tutorial/test-data/variant/coverage_table.csv, /nfs/jbailey5/baileyweb/asimkin/miptools/miptools_tutorial/test-data/variant/alternate_table.csv

Exiting because a job execution failed. Look above for error message
Complete log: .snakemake/log/2023-07-05T153243.375387.snakemake.log
