Building DAG of jobs...
Using shell: /usr/bin/bash
Provided cores: 16
Rules claiming more threads will be scaled down.
Job stats:
job                count    min threads    max threads
---------------  -------  -------------  -------------
all                    1              1              1
copy_params            1              1              1
generate_tables        1              1              1
total                  3              1              1

Select jobs to execute...

[Wed Jul  5 15:34:00 2023]
rule copy_params:
    input: variant_calling.smk, variant_calling.yaml, singularity_profile, scripts
    output: /nfs/jbailey5/baileyweb/asimkin/miptools/miptools_tutorial/test-data/variant/run_settings/variant_calling/variant_calling.smk, /nfs/jbailey5/baileyweb/asimkin/miptools/miptools_tutorial/test-data/variant/run_settings/variant_calling/variant_calling.yaml, /nfs/jbailey5/baileyweb/asimkin/miptools/miptools_tutorial/test-data/variant/run_settings/variant_calling/singularity_profile, /nfs/jbailey5/baileyweb/asimkin/miptools/miptools_tutorial/test-data/variant/run_settings/variant_calling/scripts
    jobid: 1
    reason: Updated input files: variant_calling.smk
    resources: tmpdir=/tmp, log_dir=/nfs/jbailey5/baileyweb/asimkin/miptools/miptools_tutorial/test-data/variant/run_settings/variant_calling


		cp variant_calling.smk /nfs/jbailey5/baileyweb/asimkin/miptools/miptools_tutorial/test-data/variant/run_settings/variant_calling/variant_calling.smk
		cp variant_calling.yaml /nfs/jbailey5/baileyweb/asimkin/miptools/miptools_tutorial/test-data/variant/run_settings/variant_calling/variant_calling.yaml
		cp -r singularity_profile /nfs/jbailey5/baileyweb/asimkin/miptools/miptools_tutorial/test-data/variant/run_settings/variant_calling/singularity_profile
		cp -r scripts /nfs/jbailey5/baileyweb/asimkin/miptools/miptools_tutorial/test-data/variant/run_settings/variant_calling/scripts
		

[Wed Jul  5 15:34:01 2023]
rule generate_tables:
    input: /nfs/jbailey5/baileyweb/asimkin/miptools/miptools_tutorial/test-data/variant/variants.vcf.gz
    output: /nfs/jbailey5/baileyweb/asimkin/miptools/miptools_tutorial/test-data/variant/reference_table.csv, /nfs/jbailey5/baileyweb/asimkin/miptools/miptools_tutorial/test-data/variant/coverage_table.csv, /nfs/jbailey5/baileyweb/asimkin/miptools/miptools_tutorial/test-data/variant/alternate_table.csv
    jobid: 2
    reason: Missing output files: /nfs/jbailey5/baileyweb/asimkin/miptools/miptools_tutorial/test-data/variant/coverage_table.csv
    resources: tmpdir=/tmp

python /work/asimkin/github_pipelines/miptools_analysis_no_jupyter/variant_calling/.snakemake/scripts/tmpdy90qp0u.generate_tables.py
Activating singularity image /nfs/jbailey5/baileyweb/asimkin/miptools/miptools_tutorial/miptools_v0.4.0.sif
[Wed Jul  5 15:34:02 2023]
Finished job 1.
1 of 3 steps (33%) done
[Wed Jul  5 15:34:22 2023]
Finished job 2.
2 of 3 steps (67%) done
Select jobs to execute...

[Wed Jul  5 15:34:22 2023]
localrule all:
    input: /nfs/jbailey5/baileyweb/asimkin/miptools/miptools_tutorial/test-data/variant/run_settings/variant_calling/variant_calling.smk, /nfs/jbailey5/baileyweb/asimkin/miptools/miptools_tutorial/test-data/variant/coverage_table.csv
    jobid: 0
    reason: Input files updated by another job: /nfs/jbailey5/baileyweb/asimkin/miptools/miptools_tutorial/test-data/variant/run_settings/variant_calling/variant_calling.smk, /nfs/jbailey5/baileyweb/asimkin/miptools/miptools_tutorial/test-data/variant/coverage_table.csv
    resources: tmpdir=/tmp

[Wed Jul  5 15:34:22 2023]
Finished job 0.
3 of 3 steps (100%) done
Complete log: .snakemake/log/2023-07-05T153359.684338.snakemake.log
