Building DAG of jobs...
Using shell: /usr/bin/bash
Provided cores: 16
Rules claiming more threads will be scaled down.
Job stats:
job                count    min threads    max threads
---------------  -------  -------------  -------------
all                    1              1              1
generate_tables        1              1              1
total                  2              1              1

Select jobs to execute...

[Mon Jul 10 14:55:23 2023]
rule generate_tables:
    input: /nfs/jbailey5/baileyweb/asimkin/miptools/Mikalayi_TES/whole_dataset_wrangled/variant_calling/variants.vcf.gz
    output: /nfs/jbailey5/baileyweb/asimkin/miptools/Mikalayi_TES/whole_dataset_wrangled/variant_calling/reference_table.csv, /nfs/jbailey5/baileyweb/asimkin/miptools/Mikalayi_TES/whole_dataset_wrangled/variant_calling/coverage_table.csv, /nfs/jbailey5/baileyweb/asimkin/miptools/Mikalayi_TES/whole_dataset_wrangled/variant_calling/alternate_table.csv
    jobid: 2
    reason: Missing output files: /nfs/jbailey5/baileyweb/asimkin/miptools/Mikalayi_TES/whole_dataset_wrangled/variant_calling/coverage_table.csv
    resources: tmpdir=/tmp

python /nfs/jbailey5/baileyweb/asimkin/github_pipelines/miptools_analysis_no_jupyter/variant_calling/.snakemake/scripts/tmphsnkypj3.generate_tables.py
Activating singularity image /nfs/jbailey5/baileyweb/asimkin/miptools/miptools_tutorial/miptools_v0.4.0.sif
[Mon Jul 10 15:04:03 2023]
Error in rule generate_tables:
    jobid: 2
    input: /nfs/jbailey5/baileyweb/asimkin/miptools/Mikalayi_TES/whole_dataset_wrangled/variant_calling/variants.vcf.gz
    output: /nfs/jbailey5/baileyweb/asimkin/miptools/Mikalayi_TES/whole_dataset_wrangled/variant_calling/reference_table.csv, /nfs/jbailey5/baileyweb/asimkin/miptools/Mikalayi_TES/whole_dataset_wrangled/variant_calling/coverage_table.csv, /nfs/jbailey5/baileyweb/asimkin/miptools/Mikalayi_TES/whole_dataset_wrangled/variant_calling/alternate_table.csv

RuleException:
CalledProcessError in file /nfs/jbailey5/baileyweb/asimkin/github_pipelines/miptools_analysis_no_jupyter/variant_calling/variant_calling.smk, line 93:
Command ' singularity  exec --home /nfs/jbailey5/baileyweb/asimkin/github_pipelines/miptools_analysis_no_jupyter/variant_calling -B /nfs/jbailey5/baileyweb/bailey_share/resources/MIP_project_resources/IBC:/opt/project_resources -B /nfs/jbailey5/baileyweb/bailey_share/resources/MIP_species_resources/pf/pf_species_resources:/opt/species_resources -B /nfs/jbailey5/baileyweb/asimkin/github_pipelines/miptools_analysis_no_jupyter/miptools_src:/opt/src -B /nfs/jbailey5/baileyweb/asimkin/miptools/Mikalayi_TES/whole_dataset_wrangled:/opt/data -B /nfs/jbailey5/baileyweb/asimkin/miptools/Mikalayi_TES/whole_dataset_wrangled/variant_calling:/opt/analysis --app jupyter --bind /users/asimkin/.conda/envs/snakemake/lib/python3.11/site-packages:/mnt/snakemake /nfs/jbailey5/baileyweb/asimkin/miptools/miptools_tutorial/miptools_v0.4.0.sif bash -c 'set -euo pipefail;  python /nfs/jbailey5/baileyweb/asimkin/github_pipelines/miptools_analysis_no_jupyter/variant_calling/.snakemake/scripts/tmphsnkypj3.generate_tables.py'' returned non-zero exit status 1.
  File "/nfs/jbailey5/baileyweb/asimkin/github_pipelines/miptools_analysis_no_jupyter/variant_calling/variant_calling.smk", line 93, in __rule_generate_tables
  File "/users/asimkin/.conda/envs/snakemake/lib/python3.11/concurrent/futures/thread.py", line 58, in run
Exiting because a job execution failed. Look above for error message
Complete log: .snakemake/log/2023-07-10T145522.582303.snakemake.log
