Building DAG of jobs...
Using shell: /usr/bin/bash
Provided cluster nodes: 100
Provided resources: nodes=100, mem_mb=1000000
Job stats:
job                        count    min threads    max threads
-----------------------  -------  -------------  -------------
all                            1              1              1
call_variants_freebayes        1              1              1
copy_params                    1              1              1
total                          3              1              1

Select jobs to execute...

[Thu Jun 29 14:24:33 2023]
rule call_variants_freebayes:
    input: /nfs/jbailey5/baileyweb/asimkin/miptools/Mikalayi_TES/whole_dataset_wrangled/variant_calling/aligned_haplotypes.csv
    output: /nfs/jbailey5/baileyweb/asimkin/miptools/Mikalayi_TES/whole_dataset_wrangled/variant_calling/contig_vcfs, /nfs/jbailey5/baileyweb/asimkin/miptools/Mikalayi_TES/whole_dataset_wrangled/variant_calling/padded_bams, /nfs/jbailey5/baileyweb/asimkin/miptools/Mikalayi_TES/whole_dataset_wrangled/variant_calling/padded_fastqs, /nfs/jbailey5/baileyweb/asimkin/miptools/Mikalayi_TES/whole_dataset_wrangled/variant_calling/variants.vcf.gz.csi, /nfs/jbailey5/baileyweb/asimkin/miptools/Mikalayi_TES/whole_dataset_wrangled/variant_calling/variants.vcf.gz, /nfs/jbailey5/baileyweb/asimkin/miptools/Mikalayi_TES/whole_dataset_wrangled/variant_calling/unfixed.vcf.gz, /nfs/jbailey5/baileyweb/asimkin/miptools/Mikalayi_TES/whole_dataset_wrangled/variant_calling/new_vcf_header.txt, /nfs/jbailey5/baileyweb/asimkin/miptools/Mikalayi_TES/whole_dataset_wrangled/variant_calling/freebayes_warnings.txt, /nfs/jbailey5/baileyweb/asimkin/miptools/Mikalayi_TES/whole_dataset_wrangled/variant_calling/freebayes_errors.txt, /nfs/jbailey5/baileyweb/asimkin/miptools/Mikalayi_TES/whole_dataset_wrangled/variant_calling/targets.vcf.gz.tbi, /nfs/jbailey5/baileyweb/asimkin/miptools/Mikalayi_TES/whole_dataset_wrangled/variant_calling/targets.vcf.gz
    jobid: 2
    reason: Missing output files: /nfs/jbailey5/baileyweb/asimkin/miptools/Mikalayi_TES/whole_dataset_wrangled/variant_calling/targets.vcf.gz
    resources: mem_mb=200000, mem_mib=190735, disk_mb=1000, disk_mib=954, tmpdir=<TBD>, nodes=16, time_min=5760, log_dir=/nfs/jbailey5/baileyweb/asimkin/miptools/Mikalayi_TES/whole_dataset_wrangled/variant_calling/run_settings/variant_calling

Submitted job 2 with external jobid 'Submitted batch job 10317421'.

[Thu Jun 29 14:24:34 2023]
rule copy_params:
    input: variant_calling.smk, variant_calling.yaml, singularity_profile, scripts
    output: /nfs/jbailey5/baileyweb/asimkin/miptools/Mikalayi_TES/whole_dataset_wrangled/variant_calling/run_settings/variant_calling/variant_calling.smk, /nfs/jbailey5/baileyweb/asimkin/miptools/Mikalayi_TES/whole_dataset_wrangled/variant_calling/run_settings/variant_calling/variant_calling.yaml, /nfs/jbailey5/baileyweb/asimkin/miptools/Mikalayi_TES/whole_dataset_wrangled/variant_calling/run_settings/variant_calling/singularity_profile, /nfs/jbailey5/baileyweb/asimkin/miptools/Mikalayi_TES/whole_dataset_wrangled/variant_calling/run_settings/variant_calling/scripts
    jobid: 1
    reason: Missing output files: /nfs/jbailey5/baileyweb/asimkin/miptools/Mikalayi_TES/whole_dataset_wrangled/variant_calling/run_settings/variant_calling/variant_calling.smk
    resources: mem_mb=4000, mem_mib=3815, disk_mb=1000, disk_mib=954, tmpdir=<TBD>, nodes=1, time_min=120, log_dir=/nfs/jbailey5/baileyweb/asimkin/miptools/Mikalayi_TES/whole_dataset_wrangled/variant_calling/run_settings/variant_calling


		cp variant_calling.smk /nfs/jbailey5/baileyweb/asimkin/miptools/Mikalayi_TES/whole_dataset_wrangled/variant_calling/run_settings/variant_calling/variant_calling.smk
		cp variant_calling.yaml /nfs/jbailey5/baileyweb/asimkin/miptools/Mikalayi_TES/whole_dataset_wrangled/variant_calling/run_settings/variant_calling/variant_calling.yaml
		cp -r singularity_profile /nfs/jbailey5/baileyweb/asimkin/miptools/Mikalayi_TES/whole_dataset_wrangled/variant_calling/run_settings/variant_calling/singularity_profile
		cp -r scripts /nfs/jbailey5/baileyweb/asimkin/miptools/Mikalayi_TES/whole_dataset_wrangled/variant_calling/run_settings/variant_calling/scripts
		
Submitted job 1 with external jobid 'Submitted batch job 10317422'.
Waiting at most 180 seconds for missing files.
[Thu Jun 29 14:25:03 2023]
Finished job 1.
1 of 3 steps (33%) done
Terminating processes on user request, this might take some time.
No --cluster-cancel given. Will exit after finishing currently running jobs.
Complete log: .snakemake/log/2023-06-29T142432.484518.snakemake.log
